[2026-03-21 23:52:42,273][__main__][INFO] - Found GPU with device_name NVIDIA L40S. Will run RFdiffusion on NVIDIA L40S
[2026-03-21 23:52:42,274][rfdiffusion.inference.model_runners][INFO] - Reading checkpoint from /workspace/RFdiffusion/rfdiffusion/inference/../../models/Base_ckpt.pt
[2026-03-21 23:52:49,555][rfdiffusion.inference.model_runners][INFO] - Loading checkpoint.
[2026-03-21 23:52:49,671][rfdiffusion.diffusion][INFO] - Using cached IGSO3.
[2026-03-21 23:52:49,684][__main__][INFO] - Making design /workspace/RFdiffusion/outputs/users/anonymous/bd29d865/38b879d16c3a/v1/design_0
[2026-03-21 23:52:49,690][rfdiffusion.inference.model_runners][INFO] - Using contig: ['120-120']
[2026-03-21 23:52:49,723][rfdiffusion.inference.model_runners][INFO] - Sequence init: ------------------------------------------------------------------------------------------------------------------------
[2026-03-21 23:52:51,539][rfdiffusion.inference.model_runners][INFO] - Timestep 50, input to next step: ------------------------------------------------------------------------------------------------------------------------
[2026-03-21 23:52:52,122][rfdiffusion.inference.model_runners][INFO] - Timestep 49, input to next step: ------------------------------------------------------------------------------------------------------------------------
[2026-03-21 23:52:52,631][rfdiffusion.inference.model_runners][INFO] - Timestep 48, input to next step: ------------------------------------------------------------------------------------------------------------------------
[2026-03-21 23:52:53,045][rfdiffusion.inference.model_runners][INFO] - Timestep 47, input to next step: ------------------------------------------------------------------------------------------------------------------------
[2026-03-21 23:52:53,510][rfdiffusion.inference.model_runners][INFO] - Timestep 46, input to next step: ------------------------------------------------------------------------------------------------------------------------
[2026-03-21 23:52:53,978][rfdiffusion.inference.model_runners][INFO] - Timestep 45, input to next step: ------------------------------------------------------------------------------------------------------------------------
[2026-03-21 23:52:54,387][rfdiffusion.inference.model_runners][INFO] - Timestep 44, input to next step: ------------------------------------------------------------------------------------------------------------------------
[2026-03-21 23:52:54,864][rfdiffusion.inference.model_runners][INFO] - Timestep 43, input to next step: ------------------------------------------------------------------------------------------------------------------------
[2026-03-21 23:52:55,399][rfdiffusion.inference.model_runners][INFO] - Timestep 42, input to next step: ------------------------------------------------------------------------------------------------------------------------
[2026-03-21 23:52:55,883][rfdiffusion.inference.model_runners][INFO] - Timestep 41, input to next step: ------------------------------------------------------------------------------------------------------------------------
[2026-03-21 23:52:56,298][rfdiffusion.inference.model_runners][INFO] - Timestep 40, input to next step: ------------------------------------------------------------------------------------------------------------------------
[2026-03-21 23:52:56,777][rfdiffusion.inference.model_runners][INFO] - Timestep 39, input to next step: ------------------------------------------------------------------------------------------------------------------------
[2026-03-21 23:52:57,276][rfdiffusion.inference.model_runners][INFO] - Timestep 38, input to next step: ------------------------------------------------------------------------------------------------------------------------
[2026-03-21 23:52:57,707][rfdiffusion.inference.model_runners][INFO] - Timestep 37, input to next step: ------------------------------------------------------------------------------------------------------------------------
[2026-03-21 23:52:58,172][rfdiffusion.inference.model_runners][INFO] - Timestep 36, input to next step: ------------------------------------------------------------------------------------------------------------------------
[2026-03-21 23:52:58,655][rfdiffusion.inference.model_runners][INFO] - Timestep 35, input to next step: ------------------------------------------------------------------------------------------------------------------------
[2026-03-21 23:52:59,095][rfdiffusion.inference.model_runners][INFO] - Timestep 34, input to next step: ------------------------------------------------------------------------------------------------------------------------
[2026-03-21 23:52:59,587][rfdiffusion.inference.model_runners][INFO] - Timestep 33, input to next step: ------------------------------------------------------------------------------------------------------------------------
[2026-03-21 23:53:00,078][rfdiffusion.inference.model_runners][INFO] - Timestep 32, input to next step: ------------------------------------------------------------------------------------------------------------------------
[2026-03-21 23:53:00,588][rfdiffusion.inference.model_runners][INFO] - Timestep 31, input to next step: ------------------------------------------------------------------------------------------------------------------------
[2026-03-21 23:53:01,108][rfdiffusion.inference.model_runners][INFO] - Timestep 30, input to next step: ------------------------------------------------------------------------------------------------------------------------
[2026-03-21 23:53:01,589][rfdiffusion.inference.model_runners][INFO] - Timestep 29, input to next step: ------------------------------------------------------------------------------------------------------------------------
[2026-03-21 23:53:02,064][rfdiffusion.inference.model_runners][INFO] - Timestep 28, input to next step: ------------------------------------------------------------------------------------------------------------------------
[2026-03-21 23:53:02,484][rfdiffusion.inference.model_runners][INFO] - Timestep 27, input to next step: ------------------------------------------------------------------------------------------------------------------------
[2026-03-21 23:53:02,977][rfdiffusion.inference.model_runners][INFO] - Timestep 26, input to next step: ------------------------------------------------------------------------------------------------------------------------
[2026-03-21 23:53:03,394][rfdiffusion.inference.model_runners][INFO] - Timestep 25, input to next step: ------------------------------------------------------------------------------------------------------------------------
[2026-03-21 23:53:03,876][rfdiffusion.inference.model_runners][INFO] - Timestep 24, input to next step: ------------------------------------------------------------------------------------------------------------------------
[2026-03-21 23:53:04,369][rfdiffusion.inference.model_runners][INFO] - Timestep 23, input to next step: ------------------------------------------------------------------------------------------------------------------------
[2026-03-21 23:53:04,782][rfdiffusion.inference.model_runners][INFO] - Timestep 22, input to next step: ------------------------------------------------------------------------------------------------------------------------
[2026-03-21 23:53:05,273][rfdiffusion.inference.model_runners][INFO] - Timestep 21, input to next step: ------------------------------------------------------------------------------------------------------------------------
[2026-03-21 23:53:05,712][rfdiffusion.inference.model_runners][INFO] - Timestep 20, input to next step: ------------------------------------------------------------------------------------------------------------------------
[2026-03-21 23:53:06,186][rfdiffusion.inference.model_runners][INFO] - Timestep 19, input to next step: ------------------------------------------------------------------------------------------------------------------------
[2026-03-21 23:53:06,672][rfdiffusion.inference.model_runners][INFO] - Timestep 18, input to next step: ------------------------------------------------------------------------------------------------------------------------
[2026-03-21 23:53:07,095][rfdiffusion.inference.model_runners][INFO] - Timestep 17, input to next step: ------------------------------------------------------------------------------------------------------------------------
[2026-03-21 23:53:07,588][rfdiffusion.inference.model_runners][INFO] - Timestep 16, input to next step: ------------------------------------------------------------------------------------------------------------------------
[2026-03-21 23:53:08,075][rfdiffusion.inference.model_runners][INFO] - Timestep 15, input to next step: ------------------------------------------------------------------------------------------------------------------------
[2026-03-21 23:53:08,536][rfdiffusion.inference.model_runners][INFO] - Timestep 14, input to next step: ------------------------------------------------------------------------------------------------------------------------
[2026-03-21 23:53:08,966][rfdiffusion.inference.model_runners][INFO] - Timestep 13, input to next step: ------------------------------------------------------------------------------------------------------------------------
[2026-03-21 23:53:09,386][rfdiffusion.inference.model_runners][INFO] - Timestep 12, input to next step: ------------------------------------------------------------------------------------------------------------------------
[2026-03-21 23:53:09,866][rfdiffusion.inference.model_runners][INFO] - Timestep 11, input to next step: ------------------------------------------------------------------------------------------------------------------------
[2026-03-21 23:53:10,292][rfdiffusion.inference.model_runners][INFO] - Timestep 10, input to next step: ------------------------------------------------------------------------------------------------------------------------
[2026-03-21 23:53:10,779][rfdiffusion.inference.model_runners][INFO] - Timestep 9, input to next step: ------------------------------------------------------------------------------------------------------------------------
[2026-03-21 23:53:11,267][rfdiffusion.inference.model_runners][INFO] - Timestep 8, input to next step: ------------------------------------------------------------------------------------------------------------------------
[2026-03-21 23:53:11,676][rfdiffusion.inference.model_runners][INFO] - Timestep 7, input to next step: ------------------------------------------------------------------------------------------------------------------------
[2026-03-21 23:53:12,083][rfdiffusion.inference.model_runners][INFO] - Timestep 6, input to next step: ------------------------------------------------------------------------------------------------------------------------
[2026-03-21 23:53:12,566][rfdiffusion.inference.model_runners][INFO] - Timestep 5, input to next step: ------------------------------------------------------------------------------------------------------------------------
[2026-03-21 23:53:12,975][rfdiffusion.inference.model_runners][INFO] - Timestep 4, input to next step: ------------------------------------------------------------------------------------------------------------------------
[2026-03-21 23:53:13,397][rfdiffusion.inference.model_runners][INFO] - Timestep 3, input to next step: ------------------------------------------------------------------------------------------------------------------------
[2026-03-21 23:53:13,877][rfdiffusion.inference.model_runners][INFO] - Timestep 2, input to next step: ------------------------------------------------------------------------------------------------------------------------
[2026-03-21 23:53:15,181][__main__][INFO] - Finished design in 0.42 minutes
