[2026-03-22 00:17:31,985][__main__][INFO] - Found GPU with device_name NVIDIA L40S. Will run RFdiffusion on NVIDIA L40S
[2026-03-22 00:17:31,985][rfdiffusion.inference.model_runners][INFO] - Reading checkpoint from /workspace/RFdiffusion/rfdiffusion/inference/../../models/Base_ckpt.pt
[2026-03-22 00:17:56,188][rfdiffusion.inference.model_runners][INFO] - Loading checkpoint.
[2026-03-22 00:17:56,307][rfdiffusion.diffusion][INFO] - Using cached IGSO3.
[2026-03-22 00:17:56,330][__main__][INFO] - Making design /workspace/RFdiffusion/outputs/users/anonymous/d1eb3e7561c7/c8257184f8c7/v1/design_0
[2026-03-22 00:17:56,335][rfdiffusion.inference.model_runners][INFO] - Using contig: ['100-100']
[2026-03-22 00:17:56,389][rfdiffusion.inference.model_runners][INFO] - Sequence init: ----------------------------------------------------------------------------------------------------
[2026-03-22 00:17:59,804][rfdiffusion.inference.model_runners][INFO] - Timestep 50, input to next step: ----------------------------------------------------------------------------------------------------
[2026-03-22 00:18:01,013][rfdiffusion.inference.model_runners][INFO] - Timestep 49, input to next step: ----------------------------------------------------------------------------------------------------
[2026-03-22 00:18:02,223][rfdiffusion.inference.model_runners][INFO] - Timestep 48, input to next step: ----------------------------------------------------------------------------------------------------
[2026-03-22 00:18:03,429][rfdiffusion.inference.model_runners][INFO] - Timestep 47, input to next step: ----------------------------------------------------------------------------------------------------
[2026-03-22 00:18:04,615][rfdiffusion.inference.model_runners][INFO] - Timestep 46, input to next step: ----------------------------------------------------------------------------------------------------
[2026-03-22 00:18:05,799][rfdiffusion.inference.model_runners][INFO] - Timestep 45, input to next step: ----------------------------------------------------------------------------------------------------
[2026-03-22 00:18:07,026][rfdiffusion.inference.model_runners][INFO] - Timestep 44, input to next step: ----------------------------------------------------------------------------------------------------
[2026-03-22 00:18:08,291][rfdiffusion.inference.model_runners][INFO] - Timestep 43, input to next step: ----------------------------------------------------------------------------------------------------
[2026-03-22 00:18:09,567][rfdiffusion.inference.model_runners][INFO] - Timestep 42, input to next step: ----------------------------------------------------------------------------------------------------
[2026-03-22 00:18:10,751][rfdiffusion.inference.model_runners][INFO] - Timestep 41, input to next step: ----------------------------------------------------------------------------------------------------
[2026-03-22 00:18:11,895][rfdiffusion.inference.model_runners][INFO] - Timestep 40, input to next step: ----------------------------------------------------------------------------------------------------
[2026-03-22 00:18:14,387][rfdiffusion.inference.model_runners][INFO] - Timestep 39, input to next step: ----------------------------------------------------------------------------------------------------
[2026-03-22 00:18:15,578][rfdiffusion.inference.model_runners][INFO] - Timestep 38, input to next step: ----------------------------------------------------------------------------------------------------
[2026-03-22 00:18:16,883][rfdiffusion.inference.model_runners][INFO] - Timestep 37, input to next step: ----------------------------------------------------------------------------------------------------
[2026-03-22 00:18:18,530][rfdiffusion.inference.model_runners][INFO] - Timestep 36, input to next step: ----------------------------------------------------------------------------------------------------
[2026-03-22 00:18:19,759][rfdiffusion.inference.model_runners][INFO] - Timestep 35, input to next step: ----------------------------------------------------------------------------------------------------
[2026-03-22 00:18:20,885][rfdiffusion.inference.model_runners][INFO] - Timestep 34, input to next step: ----------------------------------------------------------------------------------------------------
[2026-03-22 00:18:22,743][rfdiffusion.inference.model_runners][INFO] - Timestep 33, input to next step: ----------------------------------------------------------------------------------------------------
[2026-03-22 00:18:23,932][rfdiffusion.inference.model_runners][INFO] - Timestep 32, input to next step: ----------------------------------------------------------------------------------------------------
[2026-03-22 00:18:25,083][rfdiffusion.inference.model_runners][INFO] - Timestep 31, input to next step: ----------------------------------------------------------------------------------------------------
[2026-03-22 00:18:26,577][rfdiffusion.inference.model_runners][INFO] - Timestep 30, input to next step: ----------------------------------------------------------------------------------------------------
[2026-03-22 00:18:27,737][rfdiffusion.inference.model_runners][INFO] - Timestep 29, input to next step: ----------------------------------------------------------------------------------------------------
[2026-03-22 00:18:28,943][rfdiffusion.inference.model_runners][INFO] - Timestep 28, input to next step: ----------------------------------------------------------------------------------------------------
[2026-03-22 00:18:30,251][rfdiffusion.inference.model_runners][INFO] - Timestep 27, input to next step: ----------------------------------------------------------------------------------------------------
[2026-03-22 00:18:31,476][rfdiffusion.inference.model_runners][INFO] - Timestep 26, input to next step: ----------------------------------------------------------------------------------------------------
[2026-03-22 00:18:32,663][rfdiffusion.inference.model_runners][INFO] - Timestep 25, input to next step: ----------------------------------------------------------------------------------------------------
[2026-03-22 00:18:33,925][rfdiffusion.inference.model_runners][INFO] - Timestep 24, input to next step: ----------------------------------------------------------------------------------------------------
[2026-03-22 00:18:35,100][rfdiffusion.inference.model_runners][INFO] - Timestep 23, input to next step: ----------------------------------------------------------------------------------------------------
[2026-03-22 00:18:36,325][rfdiffusion.inference.model_runners][INFO] - Timestep 22, input to next step: ----------------------------------------------------------------------------------------------------
[2026-03-22 00:18:37,480][rfdiffusion.inference.model_runners][INFO] - Timestep 21, input to next step: ----------------------------------------------------------------------------------------------------
[2026-03-22 00:18:38,687][rfdiffusion.inference.model_runners][INFO] - Timestep 20, input to next step: ----------------------------------------------------------------------------------------------------
[2026-03-22 00:18:39,860][rfdiffusion.inference.model_runners][INFO] - Timestep 19, input to next step: ----------------------------------------------------------------------------------------------------
[2026-03-22 00:18:41,094][rfdiffusion.inference.model_runners][INFO] - Timestep 18, input to next step: ----------------------------------------------------------------------------------------------------
[2026-03-22 00:18:42,391][rfdiffusion.inference.model_runners][INFO] - Timestep 17, input to next step: ----------------------------------------------------------------------------------------------------
[2026-03-22 00:18:43,611][rfdiffusion.inference.model_runners][INFO] - Timestep 16, input to next step: ----------------------------------------------------------------------------------------------------
[2026-03-22 00:18:44,783][rfdiffusion.inference.model_runners][INFO] - Timestep 15, input to next step: ----------------------------------------------------------------------------------------------------
[2026-03-22 00:18:46,725][rfdiffusion.inference.model_runners][INFO] - Timestep 14, input to next step: ----------------------------------------------------------------------------------------------------
[2026-03-22 00:18:47,917][rfdiffusion.inference.model_runners][INFO] - Timestep 13, input to next step: ----------------------------------------------------------------------------------------------------
[2026-03-22 00:18:49,045][rfdiffusion.inference.model_runners][INFO] - Timestep 12, input to next step: ----------------------------------------------------------------------------------------------------
[2026-03-22 00:18:50,460][rfdiffusion.inference.model_runners][INFO] - Timestep 11, input to next step: ----------------------------------------------------------------------------------------------------
[2026-03-22 00:18:51,686][rfdiffusion.inference.model_runners][INFO] - Timestep 10, input to next step: ----------------------------------------------------------------------------------------------------
[2026-03-22 00:18:52,913][rfdiffusion.inference.model_runners][INFO] - Timestep 9, input to next step: ----------------------------------------------------------------------------------------------------
[2026-03-22 00:18:54,259][rfdiffusion.inference.model_runners][INFO] - Timestep 8, input to next step: ----------------------------------------------------------------------------------------------------
[2026-03-22 00:18:55,470][rfdiffusion.inference.model_runners][INFO] - Timestep 7, input to next step: ----------------------------------------------------------------------------------------------------
[2026-03-22 00:18:56,718][rfdiffusion.inference.model_runners][INFO] - Timestep 6, input to next step: ----------------------------------------------------------------------------------------------------
[2026-03-22 00:18:58,010][rfdiffusion.inference.model_runners][INFO] - Timestep 5, input to next step: ----------------------------------------------------------------------------------------------------
[2026-03-22 00:18:59,189][rfdiffusion.inference.model_runners][INFO] - Timestep 4, input to next step: ----------------------------------------------------------------------------------------------------
[2026-03-22 00:19:00,456][rfdiffusion.inference.model_runners][INFO] - Timestep 3, input to next step: ----------------------------------------------------------------------------------------------------
[2026-03-22 00:19:01,714][rfdiffusion.inference.model_runners][INFO] - Timestep 2, input to next step: ----------------------------------------------------------------------------------------------------
[2026-03-22 00:19:03,697][__main__][INFO] - Finished design in 1.12 minutes
