[2026-03-22 00:39:11,116][__main__][INFO] - Found GPU with device_name NVIDIA L40S. Will run RFdiffusion on NVIDIA L40S
[2026-03-22 00:39:11,117][rfdiffusion.inference.model_runners][INFO] - Reading checkpoint from /workspace/RFdiffusion/rfdiffusion/inference/../../models/Base_ckpt.pt
[2026-03-22 00:39:18,670][rfdiffusion.inference.model_runners][INFO] - Loading checkpoint.
[2026-03-22 00:39:18,803][rfdiffusion.diffusion][INFO] - Using cached IGSO3.
[2026-03-22 00:39:18,812][rfdiffusion.inference.symmetry][INFO] - Initializing cyclic symmetry order 6.
[2026-03-22 00:39:18,818][__main__][INFO] - Making design /workspace/RFdiffusion/outputs/users/anonymous/c92adfe2/e41a37273e76/v0/design_0
[2026-03-22 00:39:18,822][rfdiffusion.inference.model_runners][INFO] - Using contig: ['198-198']
[2026-03-22 00:39:18,860][rfdiffusion.inference.model_runners][INFO] - Sequence init: ------------------------------------------------------------------------------------------------------------------------------------------------------------------------------------------------------
[2026-03-22 00:39:20,785][rfdiffusion.inference.model_runners][INFO] - Timestep 50, input to next step: ------------------------------------------------------------------------------------------------------------------------------------------------------------------------------------------------------
[2026-03-22 00:39:21,585][rfdiffusion.inference.model_runners][INFO] - Timestep 49, input to next step: ------------------------------------------------------------------------------------------------------------------------------------------------------------------------------------------------------
[2026-03-22 00:39:22,384][rfdiffusion.inference.model_runners][INFO] - Timestep 48, input to next step: ------------------------------------------------------------------------------------------------------------------------------------------------------------------------------------------------------
[2026-03-22 00:39:23,105][rfdiffusion.inference.model_runners][INFO] - Timestep 47, input to next step: ------------------------------------------------------------------------------------------------------------------------------------------------------------------------------------------------------
[2026-03-22 00:39:23,906][rfdiffusion.inference.model_runners][INFO] - Timestep 46, input to next step: ------------------------------------------------------------------------------------------------------------------------------------------------------------------------------------------------------
[2026-03-22 00:39:24,629][rfdiffusion.inference.model_runners][INFO] - Timestep 45, input to next step: ------------------------------------------------------------------------------------------------------------------------------------------------------------------------------------------------------
[2026-03-22 00:39:25,335][rfdiffusion.inference.model_runners][INFO] - Timestep 44, input to next step: ------------------------------------------------------------------------------------------------------------------------------------------------------------------------------------------------------
[2026-03-22 00:39:26,085][rfdiffusion.inference.model_runners][INFO] - Timestep 43, input to next step: ------------------------------------------------------------------------------------------------------------------------------------------------------------------------------------------------------
[2026-03-22 00:39:26,825][rfdiffusion.inference.model_runners][INFO] - Timestep 42, input to next step: ------------------------------------------------------------------------------------------------------------------------------------------------------------------------------------------------------
[2026-03-22 00:39:27,584][rfdiffusion.inference.model_runners][INFO] - Timestep 41, input to next step: ------------------------------------------------------------------------------------------------------------------------------------------------------------------------------------------------------
[2026-03-22 00:39:28,296][rfdiffusion.inference.model_runners][INFO] - Timestep 40, input to next step: ------------------------------------------------------------------------------------------------------------------------------------------------------------------------------------------------------
[2026-03-22 00:39:29,104][rfdiffusion.inference.model_runners][INFO] - Timestep 39, input to next step: ------------------------------------------------------------------------------------------------------------------------------------------------------------------------------------------------------
[2026-03-22 00:39:29,885][rfdiffusion.inference.model_runners][INFO] - Timestep 38, input to next step: ------------------------------------------------------------------------------------------------------------------------------------------------------------------------------------------------------
[2026-03-22 00:39:30,686][rfdiffusion.inference.model_runners][INFO] - Timestep 37, input to next step: ------------------------------------------------------------------------------------------------------------------------------------------------------------------------------------------------------
[2026-03-22 00:39:31,484][rfdiffusion.inference.model_runners][INFO] - Timestep 36, input to next step: ------------------------------------------------------------------------------------------------------------------------------------------------------------------------------------------------------
[2026-03-22 00:39:32,188][rfdiffusion.inference.model_runners][INFO] - Timestep 35, input to next step: ------------------------------------------------------------------------------------------------------------------------------------------------------------------------------------------------------
[2026-03-22 00:39:32,933][rfdiffusion.inference.model_runners][INFO] - Timestep 34, input to next step: ------------------------------------------------------------------------------------------------------------------------------------------------------------------------------------------------------
[2026-03-22 00:39:33,684][rfdiffusion.inference.model_runners][INFO] - Timestep 33, input to next step: ------------------------------------------------------------------------------------------------------------------------------------------------------------------------------------------------------
[2026-03-22 00:39:34,484][rfdiffusion.inference.model_runners][INFO] - Timestep 32, input to next step: ------------------------------------------------------------------------------------------------------------------------------------------------------------------------------------------------------
[2026-03-22 00:39:35,284][rfdiffusion.inference.model_runners][INFO] - Timestep 31, input to next step: ------------------------------------------------------------------------------------------------------------------------------------------------------------------------------------------------------
[2026-03-22 00:39:35,984][rfdiffusion.inference.model_runners][INFO] - Timestep 30, input to next step: ------------------------------------------------------------------------------------------------------------------------------------------------------------------------------------------------------
[2026-03-22 00:39:36,683][rfdiffusion.inference.model_runners][INFO] - Timestep 29, input to next step: ------------------------------------------------------------------------------------------------------------------------------------------------------------------------------------------------------
[2026-03-22 00:39:37,402][rfdiffusion.inference.model_runners][INFO] - Timestep 28, input to next step: ------------------------------------------------------------------------------------------------------------------------------------------------------------------------------------------------------
[2026-03-22 00:39:38,184][rfdiffusion.inference.model_runners][INFO] - Timestep 27, input to next step: ------------------------------------------------------------------------------------------------------------------------------------------------------------------------------------------------------
[2026-03-22 00:39:38,983][rfdiffusion.inference.model_runners][INFO] - Timestep 26, input to next step: ------------------------------------------------------------------------------------------------------------------------------------------------------------------------------------------------------
[2026-03-22 00:39:39,684][rfdiffusion.inference.model_runners][INFO] - Timestep 25, input to next step: ------------------------------------------------------------------------------------------------------------------------------------------------------------------------------------------------------
[2026-03-22 00:39:40,383][rfdiffusion.inference.model_runners][INFO] - Timestep 24, input to next step: ------------------------------------------------------------------------------------------------------------------------------------------------------------------------------------------------------
[2026-03-22 00:39:41,084][rfdiffusion.inference.model_runners][INFO] - Timestep 23, input to next step: ------------------------------------------------------------------------------------------------------------------------------------------------------------------------------------------------------
[2026-03-22 00:39:41,883][rfdiffusion.inference.model_runners][INFO] - Timestep 22, input to next step: ------------------------------------------------------------------------------------------------------------------------------------------------------------------------------------------------------
[2026-03-22 00:39:42,684][rfdiffusion.inference.model_runners][INFO] - Timestep 21, input to next step: ------------------------------------------------------------------------------------------------------------------------------------------------------------------------------------------------------
[2026-03-22 00:39:43,392][rfdiffusion.inference.model_runners][INFO] - Timestep 20, input to next step: ------------------------------------------------------------------------------------------------------------------------------------------------------------------------------------------------------
[2026-03-22 00:39:44,184][rfdiffusion.inference.model_runners][INFO] - Timestep 19, input to next step: ------------------------------------------------------------------------------------------------------------------------------------------------------------------------------------------------------
[2026-03-22 00:39:44,896][rfdiffusion.inference.model_runners][INFO] - Timestep 18, input to next step: ------------------------------------------------------------------------------------------------------------------------------------------------------------------------------------------------------
[2026-03-22 00:39:45,684][rfdiffusion.inference.model_runners][INFO] - Timestep 17, input to next step: ------------------------------------------------------------------------------------------------------------------------------------------------------------------------------------------------------
[2026-03-22 00:39:46,384][rfdiffusion.inference.model_runners][INFO] - Timestep 16, input to next step: ------------------------------------------------------------------------------------------------------------------------------------------------------------------------------------------------------
[2026-03-22 00:39:47,095][rfdiffusion.inference.model_runners][INFO] - Timestep 15, input to next step: ------------------------------------------------------------------------------------------------------------------------------------------------------------------------------------------------------
[2026-03-22 00:39:47,984][rfdiffusion.inference.model_runners][INFO] - Timestep 14, input to next step: ------------------------------------------------------------------------------------------------------------------------------------------------------------------------------------------------------
[2026-03-22 00:39:48,784][rfdiffusion.inference.model_runners][INFO] - Timestep 13, input to next step: ------------------------------------------------------------------------------------------------------------------------------------------------------------------------------------------------------
[2026-03-22 00:39:49,483][rfdiffusion.inference.model_runners][INFO] - Timestep 12, input to next step: ------------------------------------------------------------------------------------------------------------------------------------------------------------------------------------------------------
[2026-03-22 00:39:50,283][rfdiffusion.inference.model_runners][INFO] - Timestep 11, input to next step: ------------------------------------------------------------------------------------------------------------------------------------------------------------------------------------------------------
[2026-03-22 00:39:50,983][rfdiffusion.inference.model_runners][INFO] - Timestep 10, input to next step: ------------------------------------------------------------------------------------------------------------------------------------------------------------------------------------------------------
[2026-03-22 00:39:51,684][rfdiffusion.inference.model_runners][INFO] - Timestep 9, input to next step: ------------------------------------------------------------------------------------------------------------------------------------------------------------------------------------------------------
[2026-03-22 00:39:52,384][rfdiffusion.inference.model_runners][INFO] - Timestep 8, input to next step: ------------------------------------------------------------------------------------------------------------------------------------------------------------------------------------------------------
[2026-03-22 00:39:53,083][rfdiffusion.inference.model_runners][INFO] - Timestep 7, input to next step: ------------------------------------------------------------------------------------------------------------------------------------------------------------------------------------------------------
[2026-03-22 00:39:53,883][rfdiffusion.inference.model_runners][INFO] - Timestep 6, input to next step: ------------------------------------------------------------------------------------------------------------------------------------------------------------------------------------------------------
[2026-03-22 00:39:54,536][rfdiffusion.inference.model_runners][INFO] - Timestep 5, input to next step: ------------------------------------------------------------------------------------------------------------------------------------------------------------------------------------------------------
[2026-03-22 00:39:55,283][rfdiffusion.inference.model_runners][INFO] - Timestep 4, input to next step: ------------------------------------------------------------------------------------------------------------------------------------------------------------------------------------------------------
[2026-03-22 00:39:55,985][rfdiffusion.inference.model_runners][INFO] - Timestep 3, input to next step: ------------------------------------------------------------------------------------------------------------------------------------------------------------------------------------------------------
[2026-03-22 00:39:56,684][rfdiffusion.inference.model_runners][INFO] - Timestep 2, input to next step: ------------------------------------------------------------------------------------------------------------------------------------------------------------------------------------------------------
[2026-03-22 00:39:58,805][__main__][INFO] - Finished design in 0.67 minutes
