[2026-03-22 00:40:36,232][__main__][INFO] - Found GPU with device_name NVIDIA L40S. Will run RFdiffusion on NVIDIA L40S
[2026-03-22 00:40:36,233][rfdiffusion.inference.model_runners][INFO] - Reading checkpoint from /workspace/RFdiffusion/rfdiffusion/inference/../../models/Base_ckpt.pt
[2026-03-22 00:40:43,230][rfdiffusion.inference.model_runners][INFO] - Loading checkpoint.
[2026-03-22 00:40:43,342][rfdiffusion.diffusion][INFO] - Using cached IGSO3.
[2026-03-22 00:40:43,360][__main__][INFO] - Making design outputs/users/anonymous/5f119f7e/3c19f4f174a7/v1/design_0
[2026-03-22 00:40:43,365][rfdiffusion.inference.model_runners][INFO] - Using contig: ['45-55']
[2026-03-22 00:40:43,391][rfdiffusion.inference.model_runners][INFO] - Sequence init: ---------------------------------------------------
[2026-03-22 00:40:44,899][rfdiffusion.inference.model_runners][INFO] - Timestep 50, input to next step: ---------------------------------------------------
[2026-03-22 00:40:45,300][rfdiffusion.inference.model_runners][INFO] - Timestep 49, input to next step: ---------------------------------------------------
[2026-03-22 00:40:45,694][rfdiffusion.inference.model_runners][INFO] - Timestep 48, input to next step: ---------------------------------------------------
[2026-03-22 00:40:46,086][rfdiffusion.inference.model_runners][INFO] - Timestep 47, input to next step: ---------------------------------------------------
[2026-03-22 00:40:46,480][rfdiffusion.inference.model_runners][INFO] - Timestep 46, input to next step: ---------------------------------------------------
[2026-03-22 00:40:46,863][rfdiffusion.inference.model_runners][INFO] - Timestep 45, input to next step: ---------------------------------------------------
[2026-03-22 00:40:47,245][rfdiffusion.inference.model_runners][INFO] - Timestep 44, input to next step: ---------------------------------------------------
[2026-03-22 00:40:47,628][rfdiffusion.inference.model_runners][INFO] - Timestep 43, input to next step: ---------------------------------------------------
[2026-03-22 00:40:48,011][rfdiffusion.inference.model_runners][INFO] - Timestep 42, input to next step: ---------------------------------------------------
[2026-03-22 00:40:48,393][rfdiffusion.inference.model_runners][INFO] - Timestep 41, input to next step: ---------------------------------------------------
[2026-03-22 00:40:48,776][rfdiffusion.inference.model_runners][INFO] - Timestep 40, input to next step: ---------------------------------------------------
[2026-03-22 00:40:49,159][rfdiffusion.inference.model_runners][INFO] - Timestep 39, input to next step: ---------------------------------------------------
[2026-03-22 00:40:49,556][rfdiffusion.inference.model_runners][INFO] - Timestep 38, input to next step: ---------------------------------------------------
[2026-03-22 00:40:49,942][rfdiffusion.inference.model_runners][INFO] - Timestep 37, input to next step: ---------------------------------------------------
[2026-03-22 00:40:50,325][rfdiffusion.inference.model_runners][INFO] - Timestep 36, input to next step: ---------------------------------------------------
[2026-03-22 00:40:50,706][rfdiffusion.inference.model_runners][INFO] - Timestep 35, input to next step: ---------------------------------------------------
[2026-03-22 00:40:51,086][rfdiffusion.inference.model_runners][INFO] - Timestep 34, input to next step: ---------------------------------------------------
[2026-03-22 00:40:51,467][rfdiffusion.inference.model_runners][INFO] - Timestep 33, input to next step: ---------------------------------------------------
[2026-03-22 00:40:51,857][rfdiffusion.inference.model_runners][INFO] - Timestep 32, input to next step: ---------------------------------------------------
[2026-03-22 00:40:52,240][rfdiffusion.inference.model_runners][INFO] - Timestep 31, input to next step: ---------------------------------------------------
[2026-03-22 00:40:52,620][rfdiffusion.inference.model_runners][INFO] - Timestep 30, input to next step: ---------------------------------------------------
[2026-03-22 00:40:53,006][rfdiffusion.inference.model_runners][INFO] - Timestep 29, input to next step: ---------------------------------------------------
[2026-03-22 00:40:53,389][rfdiffusion.inference.model_runners][INFO] - Timestep 28, input to next step: ---------------------------------------------------
[2026-03-22 00:40:53,774][rfdiffusion.inference.model_runners][INFO] - Timestep 27, input to next step: ---------------------------------------------------
[2026-03-22 00:40:54,160][rfdiffusion.inference.model_runners][INFO] - Timestep 26, input to next step: ---------------------------------------------------
[2026-03-22 00:40:54,543][rfdiffusion.inference.model_runners][INFO] - Timestep 25, input to next step: ---------------------------------------------------
[2026-03-22 00:40:54,926][rfdiffusion.inference.model_runners][INFO] - Timestep 24, input to next step: ---------------------------------------------------
[2026-03-22 00:40:55,306][rfdiffusion.inference.model_runners][INFO] - Timestep 23, input to next step: ---------------------------------------------------
[2026-03-22 00:40:55,686][rfdiffusion.inference.model_runners][INFO] - Timestep 22, input to next step: ---------------------------------------------------
[2026-03-22 00:40:56,066][rfdiffusion.inference.model_runners][INFO] - Timestep 21, input to next step: ---------------------------------------------------
[2026-03-22 00:40:56,445][rfdiffusion.inference.model_runners][INFO] - Timestep 20, input to next step: ---------------------------------------------------
[2026-03-22 00:40:56,825][rfdiffusion.inference.model_runners][INFO] - Timestep 19, input to next step: ---------------------------------------------------
[2026-03-22 00:40:57,204][rfdiffusion.inference.model_runners][INFO] - Timestep 18, input to next step: ---------------------------------------------------
[2026-03-22 00:40:57,588][rfdiffusion.inference.model_runners][INFO] - Timestep 17, input to next step: ---------------------------------------------------
[2026-03-22 00:40:57,968][rfdiffusion.inference.model_runners][INFO] - Timestep 16, input to next step: ---------------------------------------------------
[2026-03-22 00:40:58,348][rfdiffusion.inference.model_runners][INFO] - Timestep 15, input to next step: ---------------------------------------------------
[2026-03-22 00:40:58,727][rfdiffusion.inference.model_runners][INFO] - Timestep 14, input to next step: ---------------------------------------------------
[2026-03-22 00:40:59,107][rfdiffusion.inference.model_runners][INFO] - Timestep 13, input to next step: ---------------------------------------------------
[2026-03-22 00:40:59,485][rfdiffusion.inference.model_runners][INFO] - Timestep 12, input to next step: ---------------------------------------------------
[2026-03-22 00:40:59,873][rfdiffusion.inference.model_runners][INFO] - Timestep 11, input to next step: ---------------------------------------------------
[2026-03-22 00:41:00,253][rfdiffusion.inference.model_runners][INFO] - Timestep 10, input to next step: ---------------------------------------------------
[2026-03-22 00:41:00,632][rfdiffusion.inference.model_runners][INFO] - Timestep 9, input to next step: ---------------------------------------------------
[2026-03-22 00:41:01,011][rfdiffusion.inference.model_runners][INFO] - Timestep 8, input to next step: ---------------------------------------------------
[2026-03-22 00:41:01,391][rfdiffusion.inference.model_runners][INFO] - Timestep 7, input to next step: ---------------------------------------------------
[2026-03-22 00:41:01,770][rfdiffusion.inference.model_runners][INFO] - Timestep 6, input to next step: ---------------------------------------------------
[2026-03-22 00:41:02,149][rfdiffusion.inference.model_runners][INFO] - Timestep 5, input to next step: ---------------------------------------------------
[2026-03-22 00:41:02,528][rfdiffusion.inference.model_runners][INFO] - Timestep 4, input to next step: ---------------------------------------------------
[2026-03-22 00:41:02,905][rfdiffusion.inference.model_runners][INFO] - Timestep 3, input to next step: ---------------------------------------------------
[2026-03-22 00:41:03,285][rfdiffusion.inference.model_runners][INFO] - Timestep 2, input to next step: ---------------------------------------------------
[2026-03-22 00:41:04,059][__main__][INFO] - Finished design in 0.34 minutes
[2026-03-22 00:41:04,060][__main__][INFO] - Making design outputs/users/anonymous/5f119f7e/3c19f4f174a7/v1/design_1
[2026-03-22 00:41:04,065][rfdiffusion.inference.model_runners][INFO] - Using contig: ['45-55']
[2026-03-22 00:41:04,076][rfdiffusion.inference.model_runners][INFO] - Sequence init: -------------------------------------------------
[2026-03-22 00:41:04,644][rfdiffusion.inference.model_runners][INFO] - Timestep 50, input to next step: -------------------------------------------------
[2026-03-22 00:41:05,028][rfdiffusion.inference.model_runners][INFO] - Timestep 49, input to next step: -------------------------------------------------
[2026-03-22 00:41:05,412][rfdiffusion.inference.model_runners][INFO] - Timestep 48, input to next step: -------------------------------------------------
[2026-03-22 00:41:05,794][rfdiffusion.inference.model_runners][INFO] - Timestep 47, input to next step: -------------------------------------------------
[2026-03-22 00:41:06,175][rfdiffusion.inference.model_runners][INFO] - Timestep 46, input to next step: -------------------------------------------------
[2026-03-22 00:41:06,557][rfdiffusion.inference.model_runners][INFO] - Timestep 45, input to next step: -------------------------------------------------
[2026-03-22 00:41:06,938][rfdiffusion.inference.model_runners][INFO] - Timestep 44, input to next step: -------------------------------------------------
[2026-03-22 00:41:07,320][rfdiffusion.inference.model_runners][INFO] - Timestep 43, input to next step: -------------------------------------------------
[2026-03-22 00:41:07,709][rfdiffusion.inference.model_runners][INFO] - Timestep 42, input to next step: -------------------------------------------------
[2026-03-22 00:41:08,090][rfdiffusion.inference.model_runners][INFO] - Timestep 41, input to next step: -------------------------------------------------
[2026-03-22 00:41:08,471][rfdiffusion.inference.model_runners][INFO] - Timestep 40, input to next step: -------------------------------------------------
[2026-03-22 00:41:08,855][rfdiffusion.inference.model_runners][INFO] - Timestep 39, input to next step: -------------------------------------------------
[2026-03-22 00:41:09,236][rfdiffusion.inference.model_runners][INFO] - Timestep 38, input to next step: -------------------------------------------------
[2026-03-22 00:41:09,617][rfdiffusion.inference.model_runners][INFO] - Timestep 37, input to next step: -------------------------------------------------
[2026-03-22 00:41:10,006][rfdiffusion.inference.model_runners][INFO] - Timestep 36, input to next step: -------------------------------------------------
[2026-03-22 00:41:10,389][rfdiffusion.inference.model_runners][INFO] - Timestep 35, input to next step: -------------------------------------------------
[2026-03-22 00:41:10,771][rfdiffusion.inference.model_runners][INFO] - Timestep 34, input to next step: -------------------------------------------------
[2026-03-22 00:41:11,153][rfdiffusion.inference.model_runners][INFO] - Timestep 33, input to next step: -------------------------------------------------
[2026-03-22 00:41:11,534][rfdiffusion.inference.model_runners][INFO] - Timestep 32, input to next step: -------------------------------------------------
[2026-03-22 00:41:11,915][rfdiffusion.inference.model_runners][INFO] - Timestep 31, input to next step: -------------------------------------------------
[2026-03-22 00:41:12,297][rfdiffusion.inference.model_runners][INFO] - Timestep 30, input to next step: -------------------------------------------------
[2026-03-22 00:41:12,681][rfdiffusion.inference.model_runners][INFO] - Timestep 29, input to next step: -------------------------------------------------
[2026-03-22 00:41:13,066][rfdiffusion.inference.model_runners][INFO] - Timestep 28, input to next step: -------------------------------------------------
[2026-03-22 00:41:13,448][rfdiffusion.inference.model_runners][INFO] - Timestep 27, input to next step: -------------------------------------------------
[2026-03-22 00:41:13,829][rfdiffusion.inference.model_runners][INFO] - Timestep 26, input to next step: -------------------------------------------------
[2026-03-22 00:41:14,212][rfdiffusion.inference.model_runners][INFO] - Timestep 25, input to next step: -------------------------------------------------
[2026-03-22 00:41:14,593][rfdiffusion.inference.model_runners][INFO] - Timestep 24, input to next step: -------------------------------------------------
[2026-03-22 00:41:14,976][rfdiffusion.inference.model_runners][INFO] - Timestep 23, input to next step: -------------------------------------------------
[2026-03-22 00:41:15,363][rfdiffusion.inference.model_runners][INFO] - Timestep 22, input to next step: -------------------------------------------------
[2026-03-22 00:41:15,749][rfdiffusion.inference.model_runners][INFO] - Timestep 21, input to next step: -------------------------------------------------
[2026-03-22 00:41:16,139][rfdiffusion.inference.model_runners][INFO] - Timestep 20, input to next step: -------------------------------------------------
[2026-03-22 00:41:16,528][rfdiffusion.inference.model_runners][INFO] - Timestep 19, input to next step: -------------------------------------------------
[2026-03-22 00:41:16,919][rfdiffusion.inference.model_runners][INFO] - Timestep 18, input to next step: -------------------------------------------------
[2026-03-22 00:41:17,302][rfdiffusion.inference.model_runners][INFO] - Timestep 17, input to next step: -------------------------------------------------
[2026-03-22 00:41:17,685][rfdiffusion.inference.model_runners][INFO] - Timestep 16, input to next step: -------------------------------------------------
[2026-03-22 00:41:18,067][rfdiffusion.inference.model_runners][INFO] - Timestep 15, input to next step: -------------------------------------------------
[2026-03-22 00:41:18,454][rfdiffusion.inference.model_runners][INFO] - Timestep 14, input to next step: -------------------------------------------------
[2026-03-22 00:41:18,838][rfdiffusion.inference.model_runners][INFO] - Timestep 13, input to next step: -------------------------------------------------
[2026-03-22 00:41:19,218][rfdiffusion.inference.model_runners][INFO] - Timestep 12, input to next step: -------------------------------------------------
[2026-03-22 00:41:19,599][rfdiffusion.inference.model_runners][INFO] - Timestep 11, input to next step: -------------------------------------------------
[2026-03-22 00:41:19,980][rfdiffusion.inference.model_runners][INFO] - Timestep 10, input to next step: -------------------------------------------------
[2026-03-22 00:41:20,362][rfdiffusion.inference.model_runners][INFO] - Timestep 9, input to next step: -------------------------------------------------
[2026-03-22 00:41:20,744][rfdiffusion.inference.model_runners][INFO] - Timestep 8, input to next step: -------------------------------------------------
[2026-03-22 00:41:21,126][rfdiffusion.inference.model_runners][INFO] - Timestep 7, input to next step: -------------------------------------------------
[2026-03-22 00:41:21,506][rfdiffusion.inference.model_runners][INFO] - Timestep 6, input to next step: -------------------------------------------------
[2026-03-22 00:41:21,888][rfdiffusion.inference.model_runners][INFO] - Timestep 5, input to next step: -------------------------------------------------
[2026-03-22 00:41:22,270][rfdiffusion.inference.model_runners][INFO] - Timestep 4, input to next step: -------------------------------------------------
[2026-03-22 00:41:22,652][rfdiffusion.inference.model_runners][INFO] - Timestep 3, input to next step: -------------------------------------------------
[2026-03-22 00:41:23,033][rfdiffusion.inference.model_runners][INFO] - Timestep 2, input to next step: -------------------------------------------------
[2026-03-22 00:41:23,796][__main__][INFO] - Finished design in 0.33 minutes
[2026-03-22 00:41:23,797][__main__][INFO] - Making design outputs/users/anonymous/5f119f7e/3c19f4f174a7/v1/design_2
[2026-03-22 00:41:23,802][rfdiffusion.inference.model_runners][INFO] - Using contig: ['45-55']
[2026-03-22 00:41:23,813][rfdiffusion.inference.model_runners][INFO] - Sequence init: --------------------------------------------------
[2026-03-22 00:41:24,207][rfdiffusion.inference.model_runners][INFO] - Timestep 50, input to next step: --------------------------------------------------
[2026-03-22 00:41:24,589][rfdiffusion.inference.model_runners][INFO] - Timestep 49, input to next step: --------------------------------------------------
[2026-03-22 00:41:24,973][rfdiffusion.inference.model_runners][INFO] - Timestep 48, input to next step: --------------------------------------------------
[2026-03-22 00:41:25,355][rfdiffusion.inference.model_runners][INFO] - Timestep 47, input to next step: --------------------------------------------------
[2026-03-22 00:41:25,735][rfdiffusion.inference.model_runners][INFO] - Timestep 46, input to next step: --------------------------------------------------
[2026-03-22 00:41:26,116][rfdiffusion.inference.model_runners][INFO] - Timestep 45, input to next step: --------------------------------------------------
[2026-03-22 00:41:26,497][rfdiffusion.inference.model_runners][INFO] - Timestep 44, input to next step: --------------------------------------------------
[2026-03-22 00:41:26,883][rfdiffusion.inference.model_runners][INFO] - Timestep 43, input to next step: --------------------------------------------------
[2026-03-22 00:41:27,264][rfdiffusion.inference.model_runners][INFO] - Timestep 42, input to next step: --------------------------------------------------
[2026-03-22 00:41:27,645][rfdiffusion.inference.model_runners][INFO] - Timestep 41, input to next step: --------------------------------------------------
[2026-03-22 00:41:28,026][rfdiffusion.inference.model_runners][INFO] - Timestep 40, input to next step: --------------------------------------------------
[2026-03-22 00:41:28,408][rfdiffusion.inference.model_runners][INFO] - Timestep 39, input to next step: --------------------------------------------------
[2026-03-22 00:41:28,788][rfdiffusion.inference.model_runners][INFO] - Timestep 38, input to next step: --------------------------------------------------
[2026-03-22 00:41:29,171][rfdiffusion.inference.model_runners][INFO] - Timestep 37, input to next step: --------------------------------------------------
[2026-03-22 00:41:29,556][rfdiffusion.inference.model_runners][INFO] - Timestep 36, input to next step: --------------------------------------------------
[2026-03-22 00:41:29,937][rfdiffusion.inference.model_runners][INFO] - Timestep 35, input to next step: --------------------------------------------------
[2026-03-22 00:41:30,319][rfdiffusion.inference.model_runners][INFO] - Timestep 34, input to next step: --------------------------------------------------
[2026-03-22 00:41:30,701][rfdiffusion.inference.model_runners][INFO] - Timestep 33, input to next step: --------------------------------------------------
[2026-03-22 00:41:31,084][rfdiffusion.inference.model_runners][INFO] - Timestep 32, input to next step: --------------------------------------------------
[2026-03-22 00:41:31,472][rfdiffusion.inference.model_runners][INFO] - Timestep 31, input to next step: --------------------------------------------------
[2026-03-22 00:41:31,857][rfdiffusion.inference.model_runners][INFO] - Timestep 30, input to next step: --------------------------------------------------
[2026-03-22 00:41:32,244][rfdiffusion.inference.model_runners][INFO] - Timestep 29, input to next step: --------------------------------------------------
[2026-03-22 00:41:32,625][rfdiffusion.inference.model_runners][INFO] - Timestep 28, input to next step: --------------------------------------------------
[2026-03-22 00:41:33,018][rfdiffusion.inference.model_runners][INFO] - Timestep 27, input to next step: --------------------------------------------------
[2026-03-22 00:41:33,422][rfdiffusion.inference.model_runners][INFO] - Timestep 26, input to next step: --------------------------------------------------
[2026-03-22 00:41:33,814][rfdiffusion.inference.model_runners][INFO] - Timestep 25, input to next step: --------------------------------------------------
[2026-03-22 00:41:34,204][rfdiffusion.inference.model_runners][INFO] - Timestep 24, input to next step: --------------------------------------------------
[2026-03-22 00:41:34,592][rfdiffusion.inference.model_runners][INFO] - Timestep 23, input to next step: --------------------------------------------------
[2026-03-22 00:41:34,980][rfdiffusion.inference.model_runners][INFO] - Timestep 22, input to next step: --------------------------------------------------
[2026-03-22 00:41:35,369][rfdiffusion.inference.model_runners][INFO] - Timestep 21, input to next step: --------------------------------------------------
[2026-03-22 00:41:35,759][rfdiffusion.inference.model_runners][INFO] - Timestep 20, input to next step: --------------------------------------------------
[2026-03-22 00:41:36,147][rfdiffusion.inference.model_runners][INFO] - Timestep 19, input to next step: --------------------------------------------------
[2026-03-22 00:41:36,533][rfdiffusion.inference.model_runners][INFO] - Timestep 18, input to next step: --------------------------------------------------
[2026-03-22 00:41:36,918][rfdiffusion.inference.model_runners][INFO] - Timestep 17, input to next step: --------------------------------------------------
[2026-03-22 00:41:37,304][rfdiffusion.inference.model_runners][INFO] - Timestep 16, input to next step: --------------------------------------------------
[2026-03-22 00:41:37,690][rfdiffusion.inference.model_runners][INFO] - Timestep 15, input to next step: --------------------------------------------------
[2026-03-22 00:41:38,076][rfdiffusion.inference.model_runners][INFO] - Timestep 14, input to next step: --------------------------------------------------
[2026-03-22 00:41:38,466][rfdiffusion.inference.model_runners][INFO] - Timestep 13, input to next step: --------------------------------------------------
[2026-03-22 00:41:38,853][rfdiffusion.inference.model_runners][INFO] - Timestep 12, input to next step: --------------------------------------------------
[2026-03-22 00:41:39,239][rfdiffusion.inference.model_runners][INFO] - Timestep 11, input to next step: --------------------------------------------------
[2026-03-22 00:41:39,627][rfdiffusion.inference.model_runners][INFO] - Timestep 10, input to next step: --------------------------------------------------
[2026-03-22 00:41:40,014][rfdiffusion.inference.model_runners][INFO] - Timestep 9, input to next step: --------------------------------------------------
[2026-03-22 00:41:40,403][rfdiffusion.inference.model_runners][INFO] - Timestep 8, input to next step: --------------------------------------------------
[2026-03-22 00:41:40,792][rfdiffusion.inference.model_runners][INFO] - Timestep 7, input to next step: --------------------------------------------------
[2026-03-22 00:41:41,185][rfdiffusion.inference.model_runners][INFO] - Timestep 6, input to next step: --------------------------------------------------
[2026-03-22 00:41:41,572][rfdiffusion.inference.model_runners][INFO] - Timestep 5, input to next step: --------------------------------------------------
[2026-03-22 00:41:41,956][rfdiffusion.inference.model_runners][INFO] - Timestep 4, input to next step: --------------------------------------------------
[2026-03-22 00:41:42,341][rfdiffusion.inference.model_runners][INFO] - Timestep 3, input to next step: --------------------------------------------------
[2026-03-22 00:41:42,728][rfdiffusion.inference.model_runners][INFO] - Timestep 2, input to next step: --------------------------------------------------
[2026-03-22 00:41:43,537][__main__][INFO] - Finished design in 0.33 minutes
[2026-03-22 00:41:43,538][__main__][INFO] - Making design outputs/users/anonymous/5f119f7e/3c19f4f174a7/v1/design_3
[2026-03-22 00:41:43,543][rfdiffusion.inference.model_runners][INFO] - Using contig: ['45-55']
[2026-03-22 00:41:43,554][rfdiffusion.inference.model_runners][INFO] - Sequence init: ------------------------------------------------------
[2026-03-22 00:41:43,951][rfdiffusion.inference.model_runners][INFO] - Timestep 50, input to next step: ------------------------------------------------------
[2026-03-22 00:41:44,338][rfdiffusion.inference.model_runners][INFO] - Timestep 49, input to next step: ------------------------------------------------------
[2026-03-22 00:41:44,725][rfdiffusion.inference.model_runners][INFO] - Timestep 48, input to next step: ------------------------------------------------------
[2026-03-22 00:41:45,116][rfdiffusion.inference.model_runners][INFO] - Timestep 47, input to next step: ------------------------------------------------------
[2026-03-22 00:41:45,517][rfdiffusion.inference.model_runners][INFO] - Timestep 46, input to next step: ------------------------------------------------------
[2026-03-22 00:41:45,906][rfdiffusion.inference.model_runners][INFO] - Timestep 45, input to next step: ------------------------------------------------------
[2026-03-22 00:41:46,296][rfdiffusion.inference.model_runners][INFO] - Timestep 44, input to next step: ------------------------------------------------------
[2026-03-22 00:41:46,704][rfdiffusion.inference.model_runners][INFO] - Timestep 43, input to next step: ------------------------------------------------------
[2026-03-22 00:41:47,092][rfdiffusion.inference.model_runners][INFO] - Timestep 42, input to next step: ------------------------------------------------------
[2026-03-22 00:41:47,480][rfdiffusion.inference.model_runners][INFO] - Timestep 41, input to next step: ------------------------------------------------------
[2026-03-22 00:41:47,871][rfdiffusion.inference.model_runners][INFO] - Timestep 40, input to next step: ------------------------------------------------------
[2026-03-22 00:41:48,261][rfdiffusion.inference.model_runners][INFO] - Timestep 39, input to next step: ------------------------------------------------------
[2026-03-22 00:41:48,649][rfdiffusion.inference.model_runners][INFO] - Timestep 38, input to next step: ------------------------------------------------------
[2026-03-22 00:41:49,037][rfdiffusion.inference.model_runners][INFO] - Timestep 37, input to next step: ------------------------------------------------------
[2026-03-22 00:41:49,424][rfdiffusion.inference.model_runners][INFO] - Timestep 36, input to next step: ------------------------------------------------------
[2026-03-22 00:41:49,811][rfdiffusion.inference.model_runners][INFO] - Timestep 35, input to next step: ------------------------------------------------------
[2026-03-22 00:41:50,201][rfdiffusion.inference.model_runners][INFO] - Timestep 34, input to next step: ------------------------------------------------------
[2026-03-22 00:41:50,590][rfdiffusion.inference.model_runners][INFO] - Timestep 33, input to next step: ------------------------------------------------------
[2026-03-22 00:41:50,977][rfdiffusion.inference.model_runners][INFO] - Timestep 32, input to next step: ------------------------------------------------------
[2026-03-22 00:41:51,367][rfdiffusion.inference.model_runners][INFO] - Timestep 31, input to next step: ------------------------------------------------------
[2026-03-22 00:41:51,757][rfdiffusion.inference.model_runners][INFO] - Timestep 30, input to next step: ------------------------------------------------------
[2026-03-22 00:41:52,145][rfdiffusion.inference.model_runners][INFO] - Timestep 29, input to next step: ------------------------------------------------------
[2026-03-22 00:41:52,531][rfdiffusion.inference.model_runners][INFO] - Timestep 28, input to next step: ------------------------------------------------------
[2026-03-22 00:41:52,919][rfdiffusion.inference.model_runners][INFO] - Timestep 27, input to next step: ------------------------------------------------------
[2026-03-22 00:41:53,305][rfdiffusion.inference.model_runners][INFO] - Timestep 26, input to next step: ------------------------------------------------------
[2026-03-22 00:41:53,695][rfdiffusion.inference.model_runners][INFO] - Timestep 25, input to next step: ------------------------------------------------------
[2026-03-22 00:41:54,082][rfdiffusion.inference.model_runners][INFO] - Timestep 24, input to next step: ------------------------------------------------------
[2026-03-22 00:41:54,471][rfdiffusion.inference.model_runners][INFO] - Timestep 23, input to next step: ------------------------------------------------------
[2026-03-22 00:41:54,860][rfdiffusion.inference.model_runners][INFO] - Timestep 22, input to next step: ------------------------------------------------------
[2026-03-22 00:41:55,250][rfdiffusion.inference.model_runners][INFO] - Timestep 21, input to next step: ------------------------------------------------------
[2026-03-22 00:41:55,637][rfdiffusion.inference.model_runners][INFO] - Timestep 20, input to next step: ------------------------------------------------------
[2026-03-22 00:41:56,026][rfdiffusion.inference.model_runners][INFO] - Timestep 19, input to next step: ------------------------------------------------------
[2026-03-22 00:41:56,412][rfdiffusion.inference.model_runners][INFO] - Timestep 18, input to next step: ------------------------------------------------------
[2026-03-22 00:41:56,799][rfdiffusion.inference.model_runners][INFO] - Timestep 17, input to next step: ------------------------------------------------------
[2026-03-22 00:41:57,201][rfdiffusion.inference.model_runners][INFO] - Timestep 16, input to next step: ------------------------------------------------------
[2026-03-22 00:41:57,594][rfdiffusion.inference.model_runners][INFO] - Timestep 15, input to next step: ------------------------------------------------------
[2026-03-22 00:41:57,979][rfdiffusion.inference.model_runners][INFO] - Timestep 14, input to next step: ------------------------------------------------------
[2026-03-22 00:41:58,367][rfdiffusion.inference.model_runners][INFO] - Timestep 13, input to next step: ------------------------------------------------------
[2026-03-22 00:41:58,753][rfdiffusion.inference.model_runners][INFO] - Timestep 12, input to next step: ------------------------------------------------------
[2026-03-22 00:41:59,148][rfdiffusion.inference.model_runners][INFO] - Timestep 11, input to next step: ------------------------------------------------------
[2026-03-22 00:41:59,539][rfdiffusion.inference.model_runners][INFO] - Timestep 10, input to next step: ------------------------------------------------------
[2026-03-22 00:41:59,930][rfdiffusion.inference.model_runners][INFO] - Timestep 9, input to next step: ------------------------------------------------------
[2026-03-22 00:42:00,317][rfdiffusion.inference.model_runners][INFO] - Timestep 8, input to next step: ------------------------------------------------------
[2026-03-22 00:42:00,704][rfdiffusion.inference.model_runners][INFO] - Timestep 7, input to next step: ------------------------------------------------------
[2026-03-22 00:42:01,095][rfdiffusion.inference.model_runners][INFO] - Timestep 6, input to next step: ------------------------------------------------------
[2026-03-22 00:42:01,483][rfdiffusion.inference.model_runners][INFO] - Timestep 5, input to next step: ------------------------------------------------------
[2026-03-22 00:42:01,869][rfdiffusion.inference.model_runners][INFO] - Timestep 4, input to next step: ------------------------------------------------------
[2026-03-22 00:42:02,256][rfdiffusion.inference.model_runners][INFO] - Timestep 3, input to next step: ------------------------------------------------------
[2026-03-22 00:42:02,643][rfdiffusion.inference.model_runners][INFO] - Timestep 2, input to next step: ------------------------------------------------------
[2026-03-22 00:42:03,471][__main__][INFO] - Finished design in 0.33 minutes
[2026-03-22 00:42:03,471][__main__][INFO] - Making design outputs/users/anonymous/5f119f7e/3c19f4f174a7/v1/design_4
[2026-03-22 00:42:03,477][rfdiffusion.inference.model_runners][INFO] - Using contig: ['45-55']
[2026-03-22 00:42:03,488][rfdiffusion.inference.model_runners][INFO] - Sequence init: -------------------------------------------------
[2026-03-22 00:42:03,877][rfdiffusion.inference.model_runners][INFO] - Timestep 50, input to next step: -------------------------------------------------
[2026-03-22 00:42:04,263][rfdiffusion.inference.model_runners][INFO] - Timestep 49, input to next step: -------------------------------------------------
[2026-03-22 00:42:04,648][rfdiffusion.inference.model_runners][INFO] - Timestep 48, input to next step: -------------------------------------------------
[2026-03-22 00:42:05,037][rfdiffusion.inference.model_runners][INFO] - Timestep 47, input to next step: -------------------------------------------------
[2026-03-22 00:42:05,425][rfdiffusion.inference.model_runners][INFO] - Timestep 46, input to next step: -------------------------------------------------
[2026-03-22 00:42:05,812][rfdiffusion.inference.model_runners][INFO] - Timestep 45, input to next step: -------------------------------------------------
[2026-03-22 00:42:06,201][rfdiffusion.inference.model_runners][INFO] - Timestep 44, input to next step: -------------------------------------------------
[2026-03-22 00:42:06,592][rfdiffusion.inference.model_runners][INFO] - Timestep 43, input to next step: -------------------------------------------------
[2026-03-22 00:42:06,981][rfdiffusion.inference.model_runners][INFO] - Timestep 42, input to next step: -------------------------------------------------
[2026-03-22 00:42:07,367][rfdiffusion.inference.model_runners][INFO] - Timestep 41, input to next step: -------------------------------------------------
[2026-03-22 00:42:07,754][rfdiffusion.inference.model_runners][INFO] - Timestep 40, input to next step: -------------------------------------------------
[2026-03-22 00:42:08,140][rfdiffusion.inference.model_runners][INFO] - Timestep 39, input to next step: -------------------------------------------------
[2026-03-22 00:42:08,527][rfdiffusion.inference.model_runners][INFO] - Timestep 38, input to next step: -------------------------------------------------
[2026-03-22 00:42:08,914][rfdiffusion.inference.model_runners][INFO] - Timestep 37, input to next step: -------------------------------------------------
[2026-03-22 00:42:09,300][rfdiffusion.inference.model_runners][INFO] - Timestep 36, input to next step: -------------------------------------------------
[2026-03-22 00:42:09,686][rfdiffusion.inference.model_runners][INFO] - Timestep 35, input to next step: -------------------------------------------------
[2026-03-22 00:42:10,073][rfdiffusion.inference.model_runners][INFO] - Timestep 34, input to next step: -------------------------------------------------
[2026-03-22 00:42:10,459][rfdiffusion.inference.model_runners][INFO] - Timestep 33, input to next step: -------------------------------------------------
[2026-03-22 00:42:10,845][rfdiffusion.inference.model_runners][INFO] - Timestep 32, input to next step: -------------------------------------------------
[2026-03-22 00:42:11,236][rfdiffusion.inference.model_runners][INFO] - Timestep 31, input to next step: -------------------------------------------------
[2026-03-22 00:42:11,624][rfdiffusion.inference.model_runners][INFO] - Timestep 30, input to next step: -------------------------------------------------
[2026-03-22 00:42:12,011][rfdiffusion.inference.model_runners][INFO] - Timestep 29, input to next step: -------------------------------------------------
[2026-03-22 00:42:12,398][rfdiffusion.inference.model_runners][INFO] - Timestep 28, input to next step: -------------------------------------------------
[2026-03-22 00:42:12,784][rfdiffusion.inference.model_runners][INFO] - Timestep 27, input to next step: -------------------------------------------------
[2026-03-22 00:42:13,171][rfdiffusion.inference.model_runners][INFO] - Timestep 26, input to next step: -------------------------------------------------
[2026-03-22 00:42:13,553][rfdiffusion.inference.model_runners][INFO] - Timestep 25, input to next step: -------------------------------------------------
[2026-03-22 00:42:13,938][rfdiffusion.inference.model_runners][INFO] - Timestep 24, input to next step: -------------------------------------------------
[2026-03-22 00:42:14,319][rfdiffusion.inference.model_runners][INFO] - Timestep 23, input to next step: -------------------------------------------------
[2026-03-22 00:42:14,708][rfdiffusion.inference.model_runners][INFO] - Timestep 22, input to next step: -------------------------------------------------
[2026-03-22 00:42:15,091][rfdiffusion.inference.model_runners][INFO] - Timestep 21, input to next step: -------------------------------------------------
[2026-03-22 00:42:15,473][rfdiffusion.inference.model_runners][INFO] - Timestep 20, input to next step: -------------------------------------------------
[2026-03-22 00:42:15,854][rfdiffusion.inference.model_runners][INFO] - Timestep 19, input to next step: -------------------------------------------------
[2026-03-22 00:42:16,237][rfdiffusion.inference.model_runners][INFO] - Timestep 18, input to next step: -------------------------------------------------
[2026-03-22 00:42:16,624][rfdiffusion.inference.model_runners][INFO] - Timestep 17, input to next step: -------------------------------------------------
[2026-03-22 00:42:17,009][rfdiffusion.inference.model_runners][INFO] - Timestep 16, input to next step: -------------------------------------------------
[2026-03-22 00:42:17,392][rfdiffusion.inference.model_runners][INFO] - Timestep 15, input to next step: -------------------------------------------------
[2026-03-22 00:42:17,774][rfdiffusion.inference.model_runners][INFO] - Timestep 14, input to next step: -------------------------------------------------
[2026-03-22 00:42:18,155][rfdiffusion.inference.model_runners][INFO] - Timestep 13, input to next step: -------------------------------------------------
[2026-03-22 00:42:18,538][rfdiffusion.inference.model_runners][INFO] - Timestep 12, input to next step: -------------------------------------------------
[2026-03-22 00:42:18,920][rfdiffusion.inference.model_runners][INFO] - Timestep 11, input to next step: -------------------------------------------------
[2026-03-22 00:42:19,302][rfdiffusion.inference.model_runners][INFO] - Timestep 10, input to next step: -------------------------------------------------
[2026-03-22 00:42:19,684][rfdiffusion.inference.model_runners][INFO] - Timestep 9, input to next step: -------------------------------------------------
[2026-03-22 00:42:20,065][rfdiffusion.inference.model_runners][INFO] - Timestep 8, input to next step: -------------------------------------------------
[2026-03-22 00:42:20,453][rfdiffusion.inference.model_runners][INFO] - Timestep 7, input to next step: -------------------------------------------------
[2026-03-22 00:42:20,832][rfdiffusion.inference.model_runners][INFO] - Timestep 6, input to next step: -------------------------------------------------
[2026-03-22 00:42:21,210][rfdiffusion.inference.model_runners][INFO] - Timestep 5, input to next step: -------------------------------------------------
[2026-03-22 00:42:21,592][rfdiffusion.inference.model_runners][INFO] - Timestep 4, input to next step: -------------------------------------------------
[2026-03-22 00:42:21,975][rfdiffusion.inference.model_runners][INFO] - Timestep 3, input to next step: -------------------------------------------------
[2026-03-22 00:42:22,357][rfdiffusion.inference.model_runners][INFO] - Timestep 2, input to next step: -------------------------------------------------
[2026-03-22 00:42:23,124][__main__][INFO] - Finished design in 0.33 minutes
